make all --print-data-base --no-builtin-variables --no-builtin-rules --question
make -C ./ft_printf
 
# make[1]: Entering directory '/home/dracken24/Desktop/prog/42_en_cours/push_swap/ft_printf'
make -C ./libft
 
# GNU Make 4.3
# Built for x86_64-pc-linux-gnu
# Copyright (C) 1988-2020 Free Software Foundation, Inc.
# License GPLv3+: GNU GPL version 3 or later <http://gnu.org/licenses/gpl.html>
# This is free software: you are free to change and redistribute it.
# There is NO WARRANTY, to the extent permitted by law.

# Make data base, printed on Sun Jun 19 11:30:06 2022

# Variables

# makefile (from 'Makefile', line 48)
OBJ = $(SRCS:%c=%o)
# environment
GDK_BACKEND = x11
# environment
LC_ALL = C
# environment
GNOME_SHELL_SESSION_MODE = ubuntu
# environment
SSH_AGENT_LAUNCHER = gnome-keyring
# environment
SNAP_INSTANCE_KEY = 
# environment
HOMEBREW_PREFIX = /home/linuxbrew/.linuxbrew
# makefile (from 'Makefile', line 23)
MEM_A = ./mem_alloc/
# environment
GJS_DEBUG_OUTPUT = stderr
# environment
VSCODE_IPC_HOOK_EXTHOST = /run/user/1000/vscode-ipc-c0f957b8-6637-49e0-8972-c283cca64cb3.sock
# environment
MANDATORY_PATH = /usr/share/gconf/ubuntu.mandatory.path
# environment
QT_X11_NO_MITSHM = 1
# environment
VSCODE_CWD = /home/dracken24
# environment
WINDOWPATH = 2
# default
MAKE_COMMAND := make
# makefile (from 'Makefile', line 28)
ATOI = ./atoitoa/
# environment
QT_ACCESSIBILITY = 1
# automatic
@D = $(patsubst %/,%,$(dir $@))
# environment
SNAP_INSTANCE_NAME = code
 
# environment
GDK_PIXBUF_MODULEDIR = /snap/code/99/usr/lib/x86_64-linux-gnu/gdk-pixbuf-2.0/2.10.0/loaders
# environment
VSCODE_HANDLES_UNCAUGHT_ERRORS = true
# default
.VARIABLES := 
# environment
PWD = /home/dracken24/Desktop/prog/42_en_cours/push_swap
# automatic
%D = $(patsubst %/,%,$(dir $%))
# makefile (from 'Makefile', line 25)
STR = ./str/
# environment
LSCOLORS = Gxfxcxdxbxegedabagacad
# environment
XDG_DATA_DIRS = /usr/share/ubuntu:/usr/share/gnome:/usr/local/share/:/usr/share/:/var/lib/snapd/desktop
# environment
OLDPWD = /home/dracken24
# makefile (from 'Makefile', line 27)
IS = ./is/
# automatic
^D = $(patsubst %/,%,$(dir $^))
# environment
VSCODE_LOG_STACK = false
# automatic
%F = $(notdir $%)
# makefile (from 'Makefile', line 22)
MATH = ./math/
# environment
VSCODE_CODE_CACHE_PATH = /home/dracken24/.config/Code/CachedData/30d9c6cd9483b2cc586687151bcbcd635f373630
# environment
LANG = C
# environment
XAUTHORITY = /run/user/1000/gdm/Xauthority
# default
.LOADED := 
# environment
HOMEBREW_REPOSITORY = /home/linuxbrew/.linuxbrew/Homebrew
# default
.INCLUDE_DIRS = /usr/local/include /usr/include /usr/include
# makefile (from 'Makefile', line 16)
CYAN = $(shell tput -Txterm setaf 4)
# makefile
MAKEFLAGS = pqrRw
# makefile
CURDIR := /home/dracken24/Desktop/prog/42_en_cours/push_swap/ft_printf/libft
# environment
VSCODE_PIPE_LOGGING = true
# environment
APPLICATION_INSIGHTS_NO_DIAGNOSTIC_CHANNEL = 1
# makefile (from 'Makefile', line 30)
SRCS = $(MATH)ft_ultimate_range.c $(MATH)ft_putnbr.c $(MATH)ft_range.c $(MATH)ft_swap.c $(MATH)ft_rev_int_tab.c $(MATH)ft_nbrlen.c $(MATH)ft_putnbr_fd.c $(MATH)ft_p_or_imp.c $(MEM_A)ft_bzero.c $(MEM_A)ft_calloc.c $(LST)ft_lstmap.c $(LST)ft_lstiter.c $(LST)ft_lstclear.c $(LST)ft_lstdelone.c $(LST)ft_lstadd_back.c $(LST)ft_lstlast.c $(LST)ft_lstsize.c $(LST)ft_lstadd_front.c $(LST)ft_lstnew.c $(STR)ft_strlen.c $(STR)ft_strlcpy.c $(STR)ft_strlcat.c $(STR)ft_strrchr.c $(STR)ft_strncmp.c  $(STR)ft_strnstr.c $(STR)ft_strtrim.c $(STR)ft_strmapi.c $(STR)ft_striteri.c $(STR)ft_strdup.c $(STR)ft_substr.c $(STR)ft_strjoin.c $(STR)ft_strcat.c $(STR)ft_putchar_fd.c $(STR)ft_putstr_fd.c $(STR)ft_toupper.c $(STR)ft_tolower.c $(STR)ft_strmapi.c $(STR)ft_striteri.c $(STR)ft_putendl_fd.c $(STR)ft_strchr.c $(STR)ft_split.c $(MEM_M)ft_memset.c $(MEM_M)ft_memmove.c $(MEM_M)ft_memcmp.c $(MEM_M)ft_memcpy.c $(IS)ft_isalpha.c $(IS)ft_isdigit.c $(IS)ft_isalnum.c $(IS)ft_isascii.c $(IS)ft_isprint.c $(ATOI)ft_atoi.c $(ATOI)ft_itoa.c 
# automatic
*D = $(patsubst %/,%,$(dir $*))
# environment
MFLAGS = -pqrRw
# environment
SSH_AUTH_SOCK = /run/user/1000/keyring/ssh
# default
.SHELLFLAGS := -c
# makefile (from 'Makefile', line 14)
LIGHT_GREEN = $(shell tput -Txterm setaf 2)
# environment
XDG_CONFIG_DIRS = /etc/xdg/xdg-ubuntu:/etc/xdg
# automatic
+D = $(patsubst %/,%,$(dir $+))
# environment
XDG_SESSION_DESKTOP = ubuntu
# makefile (from 'Makefile', line 1)
MAKEFILE_LIST := Makefile
# environment
SNAP_REEXEC = 
# automatic
@F = $(notdir $@)
# environment
ZSH = /home/dracken24/.oh-my-zsh
# environment
VSCODE_VERBOSE_LOGGING = true
# environment
VSCODE_PID = 5186
# environment
XDG_SESSION_TYPE = x11
# automatic
?D = $(patsubst %/,%,$(dir $?))
# environment
BAMF_DESKTOP_FILE_HINT = /var/lib/snapd/desktop/applications/code_code.desktop
# environment
SESSION_MANAGER = local/Dracken24:@/tmp/.ICE-unix/2662,unix/Dracken24:/tmp/.ICE-unix/2662
# automatic
*F = $(notdir $*)
# environment
MANPATH = /home/linuxbrew/.linuxbrew/share/man:
# environment
CHROME_DESKTOP = code-url-handler.desktop
# environment
DBUS_SESSION_BUS_ADDRESS = unix:path=/run/user/1000/bus
# automatic
<D = $(patsubst %/,%,$(dir $<))
# environment
VSCODE_NLS_CONFIG = {"locale":"en-gb","availableLanguages":{},"_languagePackSupport":true}
# default
MAKE_HOST := x86_64-pc-linux-gnu
# environment
GNOME_DESKTOP_SESSION_ID = this-is-deprecated
# environment
INFOPATH = /home/linuxbrew/.linuxbrew/share/info:
# makefile
SHELL = /bin/sh
# environment
XMODIFIERS = @im=ibus
# environment
GJS_DEBUG_TOPICS = JS ERROR;JS LOG
# environment
SHLVL = 0
# environment
MAKELEVEL := 2
# default
MAKE = $(MAKE_COMMAND)
# environment
SNAP_COOKIE = fSKYpYhDKXjiX9W__W9nCBCj5n_I7R-ps2DwHvI_mLnd_pK3KmHQ
# environment
PATH = /home/linuxbrew/.linuxbrew/bin:/home/linuxbrew/.linuxbrew/sbin:/home/dracken24/bin:/usr/local/sbin:/usr/local/bin:/usr/sbin:/usr/bin:/sbin:/bin:/usr/games:/usr/local/games:/snap/bin:/snap/bin
# default
MAKEFILES := 
# environment
LANGUAGE = en_CA:en
# automatic
^F = $(notdir $^)
# environment
SNAP_USER_COMMON = /home/dracken24/snap/code/common
# environment
SNAP = /snap/code/99
# environment
INVOCATION_ID = 17b441446a0f414eabb5ee96f494840f
# environment
SNAP_REVISION = 99
# environment
SNAP_REAL_HOME = /home/dracken24
# makefile (from 'Makefile', line 13)
LIGHT_RED = $(shell tput -Txterm setaf 1)
# environment
VSCODE_LOG_NATIVE = false
# environment
USERNAME = dracken24
# automatic
?F = $(notdir $?)
# makefile (from 'Makefile', line 54)
NAME = libft.a
# environment
XDG_CURRENT_DESKTOP = Unity
# environment
LS_COLORS = 
# automatic
+F = $(notdir $+)
# environment
LESS = -R
# environment
DESKTOP_SESSION = ubuntu
# environment
ORIGINAL_XDG_CURRENT_DESKTOP = ubuntu:GNOME
# 'override' directive
GNUMAKEFLAGS := 
# environment
LOGNAME = dracken24
# environment
GIO_LAUNCHED_DESKTOP_FILE = /var/lib/snapd/desktop/applications/code_code.desktop
# environment
SNAP_ARCH = amd64
# makefile
.DEFAULT_GOAL := all
# environment
SYSTEMD_EXEC_PID = 2689
# makefile (from 'Makefile', line 18)
LIGHT_CYAN = $(shell tput -Txterm setaf 6)
# environment
DISPLAY = :1
# environment
USER = dracken24
# environment
GTK_MODULES = gail:atk-bridge
# makefile (from 'Makefile', line 26)
MEM_M = ./mem_move/
# environment
DEFAULTS_PATH = /usr/share/gconf/ubuntu.default.path
# default
MAKE_VERSION := 4.3
# environment
DISABLE_WAYLAND = 1
# environment
SNAP_DATA = /var/snap/code/99
# environment
SNAP_CONTEXT = fSKYpYhDKXjiX9W__W9nCBCj5n_I7R-ps2DwHvI_mLnd_pK3KmHQ
# environment
MANAGERPID = 2086
# environment
HOMEBREW_CELLAR = /home/linuxbrew/.linuxbrew/Cellar
# environment
GIO_LAUNCHED_DESKTOP_FILE_PID = 5136
# environment
PAGER = less
# makefile (from 'Makefile', line 17)
LILAS = $(shell tput -Txterm setaf 5)
# environment
_ = /snap/code/99/usr/share/code/code
# makefile (from 'Makefile', line 20)
RESET = "\033[0m"
# environment
XDG_RUNTIME_DIR = /run/user/1000
# makefile (from 'Makefile', line 52)
CFLAGS = -Wall -Werror -Wextra
# environment
GPG_AGENT_INFO = /run/user/1000/gnupg/S.gpg-agent:0:1
# environment
GDK_PIXBUF_MODULE_FILE = /home/dracken24/snap/code/common/.cache/gdk-pixbuf-loaders.cache
# environment
JOURNAL_STREAM = 8:26404
# environment
XDG_SESSION_CLASS = user
# makefile (from 'Makefile', line 15)
LIGHT_BROWN = $(shell tput -Txterm setaf 3)
# environment
VSCODE_AMD_ENTRYPOINT = vs/workbench/api/node/extensionHostProcess
# environment
HOME = /home/dracken24
# environment
QT_IM_MODULE = ibus
# environment
ELECTRON_RUN_AS_NODE = 1
# environment
VSCODE_IPC_HOOK = /run/user/1000/vscode-fa98f921-1.68.1-main.sock
# environment
SNAP_NAME = code
# environment
GSETTINGS_SCHEMA_DIR = /snap/code/99/usr/share/glib-2.0/schemas
# default
.RECIPEPREFIX := 
# automatic
<F = $(notdir $<)
# makefile (from 'Makefile', line 24)
LST = ./lst/
# environment
SNAP_VERSION = 30d9c6cd
# default
SUFFIXES := 
# environment
VSCODE_CLI = 1
# environment
ELECTRON_NO_ATTACH_CONSOLE = 1
# environment
SNAP_COMMON = /var/snap/code/common
# default
.FEATURES := target-specific order-only second-expansion else-if shortest-stem undefine oneshell nocomment grouped-target extra-prereqs archives jobserver output-sync check-symlink load
# makefile (from 'Makefile', line 50)
CC = gcc
# environment
SNAP_USER_DATA = /home/dracken24/snap/code/99
# environment
XDG_MENU_PREFIX = gnome-
# makefile (from 'Makefile', line 19)
WHITE = $(shell tput -Txterm setaf 7)
# environment
GDMSESSION = ubuntu
# environment
SNAP_LIBRARY_PATH = /var/lib/snapd/lib/gl:/var/lib/snapd/lib/gl32:/var/lib/snapd/void
# variable set hash-table stats:
# Load=151/1024=15%, Rehash=0, Collisions=50/239=21%

# Pattern-specific Variable Values

# No pattern-specific variable values.

# Directories

# . (device 66308, inode 2386138): 13 files, no impossibilities.

# 13 files, no impossibilities in 1 directories.

# Implicit Rules

# No implicit rules.

# Files

# Not a target:
lst/ft_lstiter.o:
#  Implicit rule search has been done.
#  Last modified 2022-06-18 23:31:41.240694687
#  File has been updated.
#  Successfully updated.

libft.a: math/ft_ultimate_range.o math/ft_putnbr.o math/ft_range.o math/ft_swap.o math/ft_rev_int_tab.o math/ft_nbrlen.o math/ft_putnbr_fd.o math/ft_p_or_imp.o mem_alloc/ft_bzero.o mem_alloc/ft_calloc.o lst/ft_lstmap.o lst/ft_lstiter.o lst/ft_lstclear.o lst/ft_lstdelone.o lst/ft_lstadd_back.o lst/ft_lstlast.o lst/ft_lstsize.o lst/ft_lstadd_front.o lst/ft_lstnew.o str/ft_strlen.o str/ft_strlcpy.o str/ft_strlcat.o str/ft_strrchr.o str/ft_strncmp.o str/ft_strnstr.o str/ft_strtrim.o str/ft_strmapi.o str/ft_striteri.o str/ft_strdup.o str/ft_substr.o str/ft_strjoin.o str/ft_strcat.o str/ft_putchar_fd.o str/ft_putstr_fd.o str/ft_toupper.o str/ft_tolower.o str/ft_strmapi.o str/ft_striteri.o str/ft_putendl_fd.o str/ft_strchr.o str/ft_split.o mem_move/ft_memset.o mem_move/ft_memmove.o mem_move/ft_memcmp.o mem_move/ft_memcpy.o is/ft_isalpha.o is/ft_isdigit.o is/ft_isalnum.o is/ft_isascii.o is/ft_isprint.o atoitoa/ft_atoi.o atoitoa/ft_itoa.o
#  Implicit rule search has not been done.
#  Last modified 2022-06-18 23:31:41.808689116
#  File has been updated.
#  Successfully updated.
#  recipe to execute (from 'Makefile', line 59):
	@echo $(LILAS)"LA LIBFT SE COMPILE COMME UNE GRANDE..."$(RESET)
	ar -rcs $(NAME) $(OBJ)
	@echo $(LIGHT_GREEN)"LIBFT READY FOR NEXT !!!"$(RESET)

# Not a target:
str/ft_putchar_fd.o:
#  Implicit rule search has been done.
#  Last modified 2022-06-18 23:31:41.552691627
#  File has been updated.
#  Successfully updated.

# Not a target:
lst/ft_lstadd_front.o:
#  Implicit rule search has been done.
#  Last modified 2022-06-18 23:31:41.324693863
#  File has been updated.
#  Successfully updated.

# Not a target:
str/ft_strrchr.o:
#  Implicit rule search has been done.
 
#  Last modified 2022-06-18 23:31:41.400693117
#  File has been updated.
#  Successfully updated.

# Not a target:
lst/ft_lstadd_back.o:
#  Implicit rule search has been done.
#  Last modified 2022-06-18 23:31:41.280694295
#  File has been updated.
#  Successfully updated.

# Not a target:
lst/ft_lstdelone.o:
#  Implicit rule search has been done.
#  Last modified 2022-06-18 23:31:41.268694412
#  File has been updated.
#  Successfully updated.

# Not a target:
math/ft_putnbr_fd.o:
#  Implicit rule search has been done.
#  Last modified 2022-06-18 23:31:41.164695433
#  File has been updated.
#  Successfully updated.

# Not a target:
math/ft_rev_int_tab.o:
#  Implicit rule search has been done.
#  Last modified 2022-06-18 23:31:41.132695746
#  File has been updated.
#  Successfully updated.

# Not a target:
str/ft_strtrim.o:
#  Implicit rule search has been done.
#  Last modified 2022-06-18 23:31:41.444692686
#  File has been updated.
#  Successfully updated.

# Not a target:
math/ft_putnbr.o:
#  Implicit rule search has been done.
#  Last modified 2022-06-18 23:31:41.088696178
#  File has been updated.
#  Successfully updated.

# Not a target:
mem_alloc/ft_calloc.o:
#  Implicit rule search has been done.
#  Last modified 2022-06-18 23:31:41.208695001
#  File has been updated.
#  Successfully updated.

# Not a target:
mem_alloc/ft_bzero.o:
#  Implicit rule search has been done.
#  Last modified 2022-06-18 23:31:41.192695157
#  File has been updated.
#  Successfully updated.

# Not a target:
Makefile:
#  Implicit rule search has been done.
#  Last modified 2022-06-17 21:35:15.078506979
#  File has been updated.
#  Successfully updated.

# Not a target:
str/ft_substr.o:
#  Implicit rule search has been done.
#  Last modified 2022-06-18 23:31:41.504692097
#  File has been updated.
#  Successfully updated.

# Not a target:
str/ft_strnstr.o:
#  Implicit rule search has been done.
#  Last modified 2022-06-18 23:31:41.428692843
#  File has been updated.
#  Successfully updated.

# Not a target:
mem_move/ft_memcmp.o:
#  Implicit rule search has been done.
#  Last modified 2022-06-18 23:31:41.684690332
#  File has been updated.
#  Successfully updated.

# Not a target:
lst/ft_lstmap.o:
#  Implicit rule search has been done.
#  Last modified 2022-06-18 23:31:41.224694844
#  File has been updated.
#  Successfully updated.

# Not a target:
str/ft_strjoin.o:
#  Implicit rule search has been done.
#  Last modified 2022-06-18 23:31:41.520691941
#  File has been updated.
#  Successfully updated.

# Not a target:
atoitoa/ft_itoa.o:
#  Implicit rule search has been done.
#  Last modified 2022-06-18 23:31:41.804689155
#  File has been updated.
#  Successfully updated.

clean:
#  Phony target (prerequisite of .PHONY).
#  Implicit rule search has not been done.
#  File does not exist.
#  File has not been updated.
#  recipe to execute (from 'Makefile', line 69):
	rm -f $(OBJ) $(BONUSOBJ)

# Not a target:
str/ft_split.o:
#  Implicit rule search has been done.
#  Last modified 2022-06-18 23:31:41.640690764
#  File has been updated.
#  Successfully updated.

# Not a target:
str/ft_putendl_fd.o:
#  Implicit rule search has been done.
#  Last modified 2022-06-18 23:31:41.612691038
#  File has been updated.
#  Successfully updated.

# Not a target:
str/ft_strlcat.o:
#  Implicit rule search has been done.
#  Last modified 2022-06-18 23:31:41.384693275
#  File has been updated.
#  Successfully updated.

# Not a target:
str/ft_strmapi.o:
#  Implicit rule search has been done.
#  Last modified 2022-06-18 23:31:41.460692529
#  File has been updated.
#  Successfully updated.

re: fclean all
#  Phony target (prerequisite of .PHONY).
#  Implicit rule search has not been done.
#  File does not exist.
#  File has not been updated.

# Not a target:
mem_move/ft_memcpy.o:
#  Implicit rule search has been done.
#  Last modified 2022-06-18 23:31:41.700690175
#  File has been updated.
#  Successfully updated.

# Not a target:
str/ft_strdup.o:
#  Implicit rule search has been done.
#  Last modified 2022-06-18 23:31:41.492692215
#  File has been updated.
#  Successfully updated.

# Not a target:
is/ft_isprint.o:
#  Implicit rule search has been done.
#  Last modified 2022-06-18 23:31:41.772689469
#  File has been updated.
#  Successfully updated.

# Not a target:
is/ft_isalnum.o:
#  Implicit rule search has been done.
#  Last modified 2022-06-18 23:31:41.744689744
#  File has been updated.
#  Successfully updated.

# Not a target:
is/ft_isalpha.o:
#  Implicit rule search has been done.
#  Last modified 2022-06-18 23:31:41.716690018
#  File has been updated.
#  Successfully updated.

# Not a target:
is/ft_isdigit.o:
#  Implicit rule search has been done.
 
#  Last modified 2022-06-18 23:31:41.7286899
#  File has been updated.
#  Successfully updated.

# Not a target:
mem_move/ft_memset.o:
#  Implicit rule search has been done.
#  Last modified 2022-06-18 23:31:41.656690607
#  File has been updated.
#  Successfully updated.

# Not a target:
.DEFAULT:
#  Implicit rule search has not been done.
#  Modification time never checked.
#  File has not been updated.

# Not a target:
atoitoa/ft_atoi.o:
#  Implicit rule search has been done.
#  Last modified 2022-06-18 23:31:41.788689312
#  File has been updated.
#  Successfully updated.

all: libft.a
#  Phony target (prerequisite of .PHONY).
#  Implicit rule search has not been done.
#  File does not exist.
#  File has been updated.
#  Successfully updated.

fclean: clean
#  Phony target (prerequisite of .PHONY).
#  Implicit rule search has not been done.
#  File does not exist.
#  File has not been updated.
#  recipe to execute (from 'Makefile', line 72):
	rm -f $(NAME)

# Not a target:
str/ft_strcat.o:
#  Implicit rule search has been done.
#  Last modified 2022-06-18 23:31:41.536691784
#  File has been updated.
#  Successfully updated.

# Not a target:
math/ft_swap.o:
#  Implicit rule search has been done.
#  Last modified 2022-06-18 23:31:41.116695903
#  File has been updated.
#  Successfully updated.

# Not a target:
str/ft_strchr.o:
#  Implicit rule search has been done.
#  Last modified 2022-06-18 23:31:41.62469092
#  File has been updated.
#  Successfully updated.

# Not a target:
math/ft_ultimate_range.o:
#  Implicit rule search has been done.
#  Last modified 2022-06-18 23:31:41.072696335
#  File has been updated.
#  Successfully updated.

gitp:
#  Implicit rule search has not been done.
#  Modification time never checked.
#  File has not been updated.
#  recipe to execute (from 'Makefile', line 64):
	@(git add .)
	@(git commit -m "nadesjar42")
	@(git push)

# Not a target:
str/ft_tolower.o:
#  Implicit rule search has been done.
#  Last modified 2022-06-18 23:31:41.596691195
#  File has been updated.
#  Successfully updated.

# Not a target:
mem_move/ft_memmove.o:
#  Implicit rule search has been done.
#  Last modified 2022-06-18 23:31:41.67269045
#  File has been updated.
#  Successfully updated.

# Not a target:
lst/ft_lstlast.o:
#  Implicit rule search has been done.
#  Last modified 2022-06-18 23:31:41.296694137
#  File has been updated.
#  Successfully updated.

# Not a target:
str/ft_strncmp.o:
#  Implicit rule search has been done.
#  Last modified 2022-06-18 23:31:41.412693
#  File has been updated.
#  Successfully updated.

# Not a target:
str/ft_strlcpy.o:
#  Implicit rule search has been done.
#  Last modified 2022-06-18 23:31:41.368693431
#  File has been updated.
#  Successfully updated.

# Not a target:
lst/ft_lstnew.o:
#  Implicit rule search has been done.
#  Last modified 2022-06-18 23:31:41.340693706
#  File has been updated.
#  Successfully updated.

# Not a target:
str/ft_striteri.o:
#  Implicit rule search has been done.
#  Last modified 2022-06-18 23:31:41.476692372
#  File has been updated.
#  Successfully updated.

# Not a target:
lst/ft_lstclear.o:
#  Implicit rule search has been done.
#  Last modified 2022-06-18 23:31:41.252694569
#  File has been updated.
#  Successfully updated.

# Not a target:
lst/ft_lstsize.o:
#  Implicit rule search has been done.
 
#  Last modified 2022-06-18 23:31:41.30869402
#  File has been updated.
#  Successfully updated.

# Not a target:
str/ft_toupper.o:
#  Implicit rule search has been done.
#  Last modified 2022-06-18 23:31:41.580691352
#  File has been updated.
#  Successfully updated.

# Not a target:
str/ft_strlen.o:
#  Implicit rule search has been done.
#  Last modified 2022-06-18 23:31:41.352693588
#  File has been updated.
#  Successfully updated.

# Not a target:
math/ft_p_or_imp.o:
#  Implicit rule search has been done.
#  Last modified 2022-06-18 23:31:41.180695275
#  File has been updated.
#  Successfully updated.

# Not a target:
math/ft_range.o:
#  Implicit rule search has been done.
#  Last modified 2022-06-18 23:31:41.104696021
#  File has been updated.
#  Successfully updated.

# Not a target:
math/ft_nbrlen.o:
#  Implicit rule search has been done.
#  Last modified 2022-06-18 23:31:41.148695589
#  File has been updated.
#  Successfully updated.

# Not a target:
str/ft_putstr_fd.o:
#  Implicit rule search has been done.
#  Last modified 2022-06-18 23:31:41.56869147
#  File has been updated.
#  Successfully updated.

.PHONY: all clean fclean re
#  Implicit rule search has not been done.
#  Modification time never checked.
#  File has not been updated.

# Not a target:
is/ft_isascii.o:
#  Implicit rule search has been done.
#  Last modified 2022-06-18 23:31:41.760689586
#  File has been updated.
#  Successfully updated.

# files hash-table stats:
# Load=60/1024=6%, Rehash=0, Collisions=8/132=6%
# VPATH Search Paths

# No 'vpath' search paths.

# No general ('VPATH' variable) search path.

# strcache buffers: 1 (0) / strings = 74 / storage = 1072 B / avg = 14 B
# current buf: size = 8162 B / used = 1072 B / count = 74 / avg = 14 B

# strcache performance: lookups = 95 / hit rate = 22%
# hash-table stats:
# Load=74/8192=1%, Rehash=0, Collisions=1/95=1%
# Finished Make data base on Sun Jun 19 11:30:06 2022

 
# GNU Make 4.3
# Built for x86_64-pc-linux-gnu
# Copyright (C) 1988-2020 Free Software Foundation, Inc.
# License GPLv3+: GNU GPL version 3 or later <http://gnu.org/licenses/gpl.html>
# This is free software: you are free to change and redistribute it.
# There is NO WARRANTY, to the extent permitted by law.

# Make data base, printed on Sun Jun 19 11:30:06 2022

# Variables

# makefile (from 'Makefile', line 24)
OBJ = $(SRCS:%c=%o)
# environment
GDK_BACKEND = x11
# environment
LC_ALL = C
# environment
GNOME_SHELL_SESSION_MODE = ubuntu
# environment
SSH_AGENT_LAUNCHER = gnome-keyring
# makefile (from 'Makefile', line 32)
AR = ar -rcs
# environment
SNAP_INSTANCE_KEY = 
# environment
HOMEBREW_PREFIX = /home/linuxbrew/.linuxbrew
# environment
GJS_DEBUG_OUTPUT = stderr
# environment
VSCODE_IPC_HOOK_EXTHOST = /run/user/1000/vscode-ipc-c0f957b8-6637-49e0-8972-c283cca64cb3.sock
# environment
MANDATORY_PATH = /usr/share/gconf/ubuntu.mandatory.path
# environment
QT_X11_NO_MITSHM = 1
# environment
VSCODE_CWD = /home/dracken24
# environment
WINDOWPATH = 2
# default
MAKE_COMMAND := make
# environment
QT_ACCESSIBILITY = 1
# automatic
@D = $(patsubst %/,%,$(dir $@))
# environment
SNAP_INSTANCE_NAME = code
# environment
GDK_PIXBUF_MODULEDIR = /snap/code/99/usr/lib/x86_64-linux-gnu/gdk-pixbuf-2.0/2.10.0/loaders
# makefile (from 'Makefile', line 30)
LIBFT_A = ./libft/libft.a
# environment
VSCODE_HANDLES_UNCAUGHT_ERRORS = true
# default
.VARIABLES := 
# environment
PWD = /home/dracken24/Desktop/prog/42_en_cours/push_swap
# automatic
%D = $(patsubst %/,%,$(dir $%))
# environment
LSCOLORS = Gxfxcxdxbxegedabagacad
# environment
XDG_DATA_DIRS = /usr/share/ubuntu:/usr/share/gnome:/usr/local/share/:/usr/share/:/var/lib/snapd/desktop
# environment
OLDPWD = /home/dracken24
# automatic
^D = $(patsubst %/,%,$(dir $^))
# environment
VSCODE_LOG_STACK = false
# automatic
%F = $(notdir $%)
# environment
VSCODE_CODE_CACHE_PATH = /home/dracken24/.config/Code/CachedData/30d9c6cd9483b2cc586687151bcbcd635f373630
# makefile (from 'Makefile', line 29)
LIBFT = make_lib
# environment
LANG = C
# environment
XAUTHORITY = /run/user/1000/gdm/Xauthority
# default
.LOADED := 
# environment
HOMEBREW_REPOSITORY = /home/linuxbrew/.linuxbrew/Homebrew
# default
.INCLUDE_DIRS = /usr/local/include /usr/include /usr/include
# makefile (from 'Makefile', line 16)
CYAN = $(shell tput -Txterm setaf 4)
# makefile
MAKEFLAGS = pqrRw
# makefile
CURDIR := /home/dracken24/Desktop/prog/42_en_cours/push_swap/ft_printf
# environment
VSCODE_PIPE_LOGGING = true
# environment
APPLICATION_INSIGHTS_NO_DIAGNOSTIC_CHANNEL = 1
# makefile (from 'Makefile', line 22)
SRCS = ft_hexa.c ft_printf.c ft_put.c 
# automatic
*D = $(patsubst %/,%,$(dir $*))
# environment
MFLAGS = -pqrRw
# environment
SSH_AUTH_SOCK = /run/user/1000/keyring/ssh
# default
.SHELLFLAGS := -c
# makefile (from 'Makefile', line 14)
LIGHT_GREEN = $(shell tput -Txterm setaf 2)
# environment
XDG_CONFIG_DIRS = /etc/xdg/xdg-ubuntu:/etc/xdg
# automatic
+D = $(patsubst %/,%,$(dir $+))
# environment
XDG_SESSION_DESKTOP = ubuntu
# makefile (from 'Makefile', line 1)
MAKEFILE_LIST := Makefile
# environment
SNAP_REEXEC = 
# automatic
@F = $(notdir $@)
# environment
ZSH = /home/dracken24/.oh-my-zsh
# environment
VSCODE_VERBOSE_LOGGING = true
# environment
VSCODE_PID = 5186
# environment
XDG_SESSION_TYPE = x11
# automatic
?D = $(patsubst %/,%,$(dir $?))
# environment
BAMF_DESKTOP_FILE_HINT = /var/lib/snapd/desktop/applications/code_code.desktop
# environment
SESSION_MANAGER = local/Dracken24:@/tmp/.ICE-unix/2662,unix/Dracken24:/tmp/.ICE-unix/2662
# automatic
 
*F = $(notdir $*)
# environment
MANPATH = /home/linuxbrew/.linuxbrew/share/man:
# environment
CHROME_DESKTOP = code-url-handler.desktop
# environment
DBUS_SESSION_BUS_ADDRESS = unix:path=/run/user/1000/bus
# automatic
<D = $(patsubst %/,%,$(dir $<))
# environment
VSCODE_NLS_CONFIG = {"locale":"en-gb","availableLanguages":{},"_languagePackSupport":true}
# default
MAKE_HOST := x86_64-pc-linux-gnu
# environment
GNOME_DESKTOP_SESSION_ID = this-is-deprecated
# environment
INFOPATH = /home/linuxbrew/.linuxbrew/share/info:
# makefile
SHELL = /bin/sh
# environment
XMODIFIERS = @im=ibus
# environment
GJS_DEBUG_TOPICS = JS ERROR;JS LOG
# environment
SHLVL = 0
# environment
MAKELEVEL := 1
# default
MAKE = $(MAKE_COMMAND)
# environment
SNAP_COOKIE = fSKYpYhDKXjiX9W__W9nCBCj5n_I7R-ps2DwHvI_mLnd_pK3KmHQ
# environment
PATH = /home/linuxbrew/.linuxbrew/bin:/home/linuxbrew/.linuxbrew/sbin:/home/dracken24/bin:/usr/local/sbin:/usr/local/bin:/usr/sbin:/usr/bin:/sbin:/bin:/usr/games:/usr/local/games:/snap/bin:/snap/bin
# default
MAKEFILES := 
# environment
LANGUAGE = en_CA:en
# automatic
^F = $(notdir $^)
# environment
SNAP_USER_COMMON = /home/dracken24/snap/code/common
# environment
SNAP = /snap/code/99
# environment
INVOCATION_ID = 17b441446a0f414eabb5ee96f494840f
# environment
SNAP_REVISION = 99
# environment
SNAP_REAL_HOME = /home/dracken24
# makefile (from 'Makefile', line 13)
LIGHT_RED = $(shell tput -Txterm setaf 1)
# environment
VSCODE_LOG_NATIVE = false
# environment
USERNAME = dracken24
# automatic
?F = $(notdir $?)
# makefile (from 'Makefile', line 33)
NAME = libftprintf.a
# environment
XDG_CURRENT_DESKTOP = Unity
# environment
LS_COLORS = 
# automatic
+F = $(notdir $+)
# environment
LESS = -R
# environment
DESKTOP_SESSION = ubuntu
# environment
ORIGINAL_XDG_CURRENT_DESKTOP = ubuntu:GNOME
# 'override' directive
GNUMAKEFLAGS := 
# environment
LOGNAME = dracken24
# environment
GIO_LAUNCHED_DESKTOP_FILE = /var/lib/snapd/desktop/applications/code_code.desktop
# environment
SNAP_ARCH = amd64
# makefile
.DEFAULT_GOAL := all
# environment
SYSTEMD_EXEC_PID = 2689
# makefile (from 'Makefile', line 18)
LIGHT_CYAN = $(shell tput -Txterm setaf 6)
# environment
DISPLAY = :1
# environment
USER = dracken24
# environment
GTK_MODULES = gail:atk-bridge
# environment
DEFAULTS_PATH = /usr/share/gconf/ubuntu.default.path
# default
MAKE_VERSION := 4.3
# environment
DISABLE_WAYLAND = 1
# environment
SNAP_DATA = /var/snap/code/99
# environment
SNAP_CONTEXT = fSKYpYhDKXjiX9W__W9nCBCj5n_I7R-ps2DwHvI_mLnd_pK3KmHQ
# environment
MANAGERPID = 2086
# environment
HOMEBREW_CELLAR = /home/linuxbrew/.linuxbrew/Cellar
# environment
GIO_LAUNCHED_DESKTOP_FILE_PID = 5136
# environment
PAGER = less
# makefile (from 'Makefile', line 17)
LILAS = $(shell tput -Txterm setaf 5)
# environment
_ = /snap/code/99/usr/share/code/code
# makefile (from 'Makefile', line 20)
RESET = "\033[0m"
# environment
XDG_RUNTIME_DIR = /run/user/1000
# makefile (from 'Makefile', line 27)
CFLAGS = -Wall -Werror -Wextra
# environment
GPG_AGENT_INFO = /run/user/1000/gnupg/S.gpg-agent:0:1
# environment
GDK_PIXBUF_MODULE_FILE = /home/dracken24/snap/code/common/.cache/gdk-pixbuf-loaders.cache
# environment
JOURNAL_STREAM = 8:26404
# environment
XDG_SESSION_CLASS = user
# makefile (from 'Makefile', line 15)
LIGHT_BROWN = $(shell tput -Txterm setaf 3)
# environment
VSCODE_AMD_ENTRYPOINT = vs/workbench/api/node/extensionHostProcess
# environment
HOME = /home/dracken24
# environment
QT_IM_MODULE = ibus
# environment
ELECTRON_RUN_AS_NODE = 1
# environment
VSCODE_IPC_HOOK = /run/user/1000/vscode-fa98f921-1.68.1-main.sock
# environment
SNAP_NAME = code
# environment
GSETTINGS_SCHEMA_DIR = /snap/code/99/usr/share/glib-2.0/schemas
# default
.RECIPEPREFIX := 
# automatic
<F = $(notdir $<)
# environment
SNAP_VERSION = 30d9c6cd
# default
SUFFIXES := 
# environment
VSCODE_CLI = 1
# environment
ELECTRON_NO_ATTACH_CONSOLE = 1
# environment
SNAP_COMMON = /var/snap/code/common
# default
.FEATURES := target-specific order-only second-expansion else-if shortest-stem undefine oneshell nocomment grouped-target extra-prereqs archives jobserver output-sync check-symlink load
# makefile (from 'Makefile', line 26)
CC = gcc
# environment
SNAP_USER_DATA = /home/dracken24/snap/code/99
# environment
XDG_MENU_PREFIX = gnome-
# makefile (from 'Makefile', line 19)
WHITE = $(shell tput -Txterm setaf 7)
# environment
GDMSESSION = ubuntu
# environment
SNAP_LIBRARY_PATH = /var/lib/snapd/lib/gl:/var/lib/snapd/lib/gl32:/var/lib/snapd/void
# variable set hash-table stats:
# Load=147/1024=14%, Rehash=0, Collisions=15/189=8%

# Pattern-specific Variable Values

# No pattern-specific variable values.

# Directories

# . (device 66308, inode 2386104): 12 files, no impossibilities.

# 12 files, no impossibilities in 1 directories.

# Implicit Rules

# No implicit rules.

# Files

# Not a target:
ft_printf.o:
#  Implicit rule search has been done.
#  Last modified 2022-06-18 23:31:41.844688762
#  File has been updated.
#  Successfully updated.

# Not a target:
ft_hexa.o:
#  Implicit rule search has been done.
#  Last modified 2022-06-18 23:31:41.82868892
#  File has been updated.
#  Successfully updated.

# Not a target:
Makefile:
#  Implicit rule search has been done.
#  Last modified 2022-06-17 21:35:15.078506979
#  File has been updated.
#  Successfully updated.

# Not a target:
ft_put.o:
#  Implicit rule search has been done.
#  Last modified 2022-06-18 23:31:41.860688606
#  File has been updated.
#  Successfully updated.

clean:
#  Phony target (prerequisite of .PHONY).
 
#  Implicit rule search has not been done.
#  File does not exist.
#  File has not been updated.
#  recipe to execute (from 'Makefile', line 52):
	@rm -f $(OBJ) ./libft/*.o
	@echo $(PURPLE)"BYE BYE"$(RESET)
	

re: fclean all
#  Phony target (prerequisite of .PHONY).
#  Implicit rule search has not been done.
#  File does not exist.
#  File has not been updated.

push:
#  Phony target (prerequisite of .PHONY).
#  Implicit rule search has not been done.
#  File does not exist.
#  File has not been updated.
#  recipe to execute (from 'Makefile', line 47):
	@(git add .)
	@(git commit -m "nadesjar42")
	@(git push)

libftprintf.a: ft_hexa.o ft_printf.o ft_put.o
#  Implicit rule search has not been done.
#  Last modified 2022-06-18 23:31:41.864688566
#  File has been updated.
#  Successfully updated.
#  recipe to execute (from 'Makefile', line 38):
	echo $(PURPLE)"COMPILE MOI CE PRINTF LA..."$(RESET)
	cp $(LIBFT_A) $(NAME)
	$(AR) $(NAME) $(OBJ)
	echo $(PURPLE)"MALADE CA A COMPILER !!!"$(RESET)

# Not a target:
.DEFAULT:
#  Implicit rule search has not been done.
#  Modification time never checked.
#  File has not been updated.

all: make_lib libftprintf.a
#  Phony target (prerequisite of .PHONY).
#  Implicit rule search has not been done.
#  File does not exist.
#  File has been updated.
#  Successfully updated.
# variable set hash-table stats:
# Load=0/32=0%, Rehash=0, Collisions=0/5=0%

fclean: clean
#  Phony target (prerequisite of .PHONY).
#  Implicit rule search has not been done.
#  File does not exist.
#  File has not been updated.
#  recipe to execute (from 'Makefile', line 57):
	@rm -f $(NAME) $(LIBFT_A) a.out gcc
	

make_lib:
#  Phony target (prerequisite of .PHONY).
#  Implicit rule search has not been done.
#  Implicit/static pattern stem: ''
#  File does not exist.
#  File has been updated.
#  Successfully updated.
# automatic
# @ := make_lib
# automatic
# * := 
# automatic
# < := 
# automatic
# + := 
# automatic
# % := 
# automatic
# ^ := 
# automatic
# ? := 
# automatic
# | := 
# variable set hash-table stats:
# Load=8/32=25%, Rehash=0, Collisions=2/13=15%
#  recipe to execute (from 'Makefile', line 44):
	$(MAKE) -C ./libft

# Not a target:
.SUFFIXES:
#  Implicit rule search has not been done.
#  Modification time never checked.
#  File has not been updated.

.PHONY: all make_lib push clean fclean re
#  Implicit rule search has not been done.
#  Modification time never checked.
#  File has not been updated.

# files hash-table stats:
# Load=14/1024=1%, Rehash=0, Collisions=0/42=0%
# VPATH Search Paths

# No 'vpath' search paths.

# No general ('VPATH' variable) search path.

# strcache buffers: 1 (0) / strings = 24 / storage = 210 B / avg = 8 B
# current buf: size = 8162 B / used = 210 B / count = 24 / avg = 8 B

# strcache performance: lookups = 51 / hit rate = 52%
# hash-table stats:
# Load=24/8192=0%, Rehash=0, Collisions=0/51=0%
# Finished Make data base on Sun Jun 19 11:30:06 2022

# make[1]: Leaving directory '/home/dracken24/Desktop/prog/42_en_cours/push_swap/ft_printf'
 
# GNU Make 4.3
# Built for x86_64-pc-linux-gnu
# Copyright (C) 1988-2020 Free Software Foundation, Inc.
# License GPLv3+: GNU GPL version 3 or later <http://gnu.org/licenses/gpl.html>
# This is free software: you are free to change and redistribute it.
# There is NO WARRANTY, to the extent permitted by law.

# Make data base, printed on Sun Jun 19 11:30:06 2022

# Variables

# makefile (from 'Makefile', line 22)
PATH_OBJS = ./objs/
# environment
GDK_BACKEND = x11
# environment
LC_ALL = C
# environment
GNOME_SHELL_SESSION_MODE = ubuntu
# environment
SSH_AGENT_LAUNCHER = gnome-keyring
# makefile (from 'Makefile', line 33)
AR = ar -rcs
# environment
SNAP_INSTANCE_KEY = 
# environment
HOMEBREW_PREFIX = /home/linuxbrew/.linuxbrew
# environment
GJS_DEBUG_OUTPUT = stderr
# environment
VSCODE_IPC_HOOK_EXTHOST = /run/user/1000/vscode-ipc-c0f957b8-6637-49e0-8972-c283cca64cb3.sock
# environment
MANDATORY_PATH = /usr/share/gconf/ubuntu.mandatory.path
# environment
QT_X11_NO_MITSHM = 1
# environment
VSCODE_CWD = /home/dracken24
# environment
WINDOWPATH = 2
# default
MAKE_COMMAND := make
# environment
QT_ACCESSIBILITY = 1
# automatic
@D = $(patsubst %/,%,$(dir $@))
# environment
SNAP_INSTANCE_NAME = code
# environment
GDK_PIXBUF_MODULEDIR = /snap/code/99/usr/lib/x86_64-linux-gnu/gdk-pixbuf-2.0/2.10.0/loaders
# environment
VSCODE_HANDLES_UNCAUGHT_ERRORS = true
# default
.VARIABLES := 
# environment
PWD = /home/dracken24/Desktop/prog/42_en_cours/push_swap
# automatic
%D = $(patsubst %/,%,$(dir $%))
# environment
LSCOLORS = Gxfxcxdxbxegedabagacad
# environment
XDG_DATA_DIRS = /usr/share/ubuntu:/usr/share/gnome:/usr/local/share/:/usr/share/:/var/lib/snapd/desktop
# environment
OLDPWD = /home/dracken24
# automatic
^D = $(patsubst %/,%,$(dir $^))
# environment
 
VSCODE_LOG_STACK = false
# automatic
%F = $(notdir $%)
# environment
VSCODE_CODE_CACHE_PATH = /home/dracken24/.config/Code/CachedData/30d9c6cd9483b2cc586687151bcbcd635f373630
# environment
LANG = C
# environment
XAUTHORITY = /run/user/1000/gdm/Xauthority
# default
.LOADED := 
# environment
HOMEBREW_REPOSITORY = /home/linuxbrew/.linuxbrew/Homebrew
# default
.INCLUDE_DIRS = /usr/local/include /usr/include /usr/include
# makefile (from 'Makefile', line 16)
CYAN = $(shell tput -Txterm setaf 4)
# makefile
MAKEFLAGS = pqrR
# makefile (from 'Makefile', line 23)
PATH_SRC = ./src/
# makefile
CURDIR := /home/dracken24/Desktop/prog/42_en_cours/push_swap
# environment
VSCODE_PIPE_LOGGING = true
# environment
APPLICATION_INSIGHTS_NO_DIAGNOSTIC_CHANNEL = 1
# automatic
*D = $(patsubst %/,%,$(dir $*))
# environment
MFLAGS = -pqrR
# environment
SSH_AUTH_SOCK = /run/user/1000/keyring/ssh
# default
.SHELLFLAGS := -c
# makefile (from 'Makefile', line 14)
LIGHT_GREEN = $(shell tput -Txterm setaf 2)
# environment
XDG_CONFIG_DIRS = /etc/xdg/xdg-ubuntu:/etc/xdg
# automatic
+D = $(patsubst %/,%,$(dir $+))
# environment
XDG_SESSION_DESKTOP = ubuntu
# makefile (from 'Makefile', line 1)
MAKEFILE_LIST := Makefile
# environment
SNAP_REEXEC = 
# automatic
@F = $(notdir $@)
# environment
ZSH = /home/dracken24/.oh-my-zsh
# environment
VSCODE_VERBOSE_LOGGING = true
# environment
VSCODE_PID = 5186
# environment
XDG_SESSION_TYPE = x11
# automatic
?D = $(patsubst %/,%,$(dir $?))
# environment
BAMF_DESKTOP_FILE_HINT = /var/lib/snapd/desktop/applications/code_code.desktop
# environment
SESSION_MANAGER = local/Dracken24:@/tmp/.ICE-unix/2662,unix/Dracken24:/tmp/.ICE-unix/2662
# automatic
*F = $(notdir $*)
# environment
MANPATH = /home/linuxbrew/.linuxbrew/share/man:
# environment
CHROME_DESKTOP = code-url-handler.desktop
# environment
DBUS_SESSION_BUS_ADDRESS = unix:path=/run/user/1000/bus
# automatic
<D = $(patsubst %/,%,$(dir $<))
# environment
VSCODE_NLS_CONFIG = {"locale":"en-gb","availableLanguages":{},"_languagePackSupport":true}
# default
MAKE_HOST := x86_64-pc-linux-gnu
# makefile (from 'Makefile', line 29)
OBJS = $(patsubst $(PATH_SRC)%.c, $(PATH_OBJS)%.o, $(FILES))
# environment
GNOME_DESKTOP_SESSION_ID = this-is-deprecated
# environment
INFOPATH = /home/linuxbrew/.linuxbrew/share/info:
# makefile
SHELL = /bin/sh
# default
MAKECMDGOALS := all
# environment
XMODIFIERS = @im=ibus
# environment
GJS_DEBUG_TOPICS = JS ERROR;JS LOG
# environment
SHLVL = 0
# environment
MAKELEVEL := 0
# default
MAKE = $(MAKE_COMMAND)
# environment
SNAP_COOKIE = fSKYpYhDKXjiX9W__W9nCBCj5n_I7R-ps2DwHvI_mLnd_pK3KmHQ
# environment
PATH = /home/linuxbrew/.linuxbrew/bin:/home/linuxbrew/.linuxbrew/sbin:/home/dracken24/bin:/usr/local/sbin:/usr/local/bin:/usr/sbin:/usr/bin:/sbin:/bin:/usr/games:/usr/local/games:/snap/bin:/snap/bin
# default
MAKEFILES := 
# environment
LANGUAGE = en_CA:en
# automatic
^F = $(notdir $^)
# environment
SNAP_USER_COMMON = /home/dracken24/snap/code/common
# environment
SNAP = /snap/code/99
# environment
INVOCATION_ID = 17b441446a0f414eabb5ee96f494840f
# environment
SNAP_REVISION = 99
# environment
SNAP_REAL_HOME = /home/dracken24
# makefile (from 'Makefile', line 13)
LIGHT_RED = $(shell tput -Txterm setaf 1)
# environment
VSCODE_LOG_NATIVE = false
# environment
USERNAME = dracken24
# makefile (from 'Makefile', line 25)
FILES = $(PATH_SRC)push_swap.c $(PATH_SRC)check_entry.c $(PATH_SRC)using_malloc.c $(PATH_SRC)moves_1.c $(PATH_SRC)moves_2.c $(PATH_SRC)utils.c $(PATH_SRC)big_run.c $(PATH_SRC)run02.c $(PATH_SRC)med_run_1.c 
# automatic
?F = $(notdir $?)
# makefile (from 'Makefile', line 38)
NAME = push_swap.a
# makefile (from 'Makefile', line 35)
PRINTF = make_lib
# environment
XDG_CURRENT_DESKTOP = Unity
# environment
LS_COLORS = 
# automatic
+F = $(notdir $+)
# environment
LESS = -R
# environment
DESKTOP_SESSION = ubuntu
# environment
ORIGINAL_XDG_CURRENT_DESKTOP = ubuntu:GNOME
# 'override' directive
GNUMAKEFLAGS := 
# environment
LOGNAME = dracken24
# environment
GIO_LAUNCHED_DESKTOP_FILE = /var/lib/snapd/desktop/applications/code_code.desktop
# environment
SNAP_ARCH = amd64
# makefile
.DEFAULT_GOAL := all
# environment
SYSTEMD_EXEC_PID = 2689
# makefile (from 'Makefile', line 18)
LIGHT_CYAN = $(shell tput -Txterm setaf 6)
# environment
DISPLAY = :1
# environment
USER = dracken24
# environment
GTK_MODULES = gail:atk-bridge
# environment
DEFAULTS_PATH = /usr/share/gconf/ubuntu.default.path
# default
MAKE_VERSION := 4.3
# environment
DISABLE_WAYLAND = 1
# environment
SNAP_DATA = /var/snap/code/99
# environment
SNAP_CONTEXT = fSKYpYhDKXjiX9W__W9nCBCj5n_I7R-ps2DwHvI_mLnd_pK3KmHQ
# environment
MANAGERPID = 2086
# environment
HOMEBREW_CELLAR = /home/linuxbrew/.linuxbrew/Cellar
# environment
GIO_LAUNCHED_DESKTOP_FILE_PID = 5136
# environment
PAGER = less
# makefile (from 'Makefile', line 17)
LILAS = $(shell tput -Txterm setaf 5)
# environment
_ = /snap/code/99/usr/share/code/code
# makefile (from 'Makefile', line 20)
RESET = "\033[0m"
# environment
 
XDG_RUNTIME_DIR = /run/user/1000
# makefile (from 'Makefile', line 32)
CFLAGS = -Wall -Werror -Wextra
# environment
GPG_AGENT_INFO = /run/user/1000/gnupg/S.gpg-agent:0:1
# environment
GDK_PIXBUF_MODULE_FILE = /home/dracken24/snap/code/common/.cache/gdk-pixbuf-loaders.cache
# environment
JOURNAL_STREAM = 8:26404
# environment
XDG_SESSION_CLASS = user
# makefile (from 'Makefile', line 15)
LIGHT_BROWN = $(shell tput -Txterm setaf 3)
# environment
VSCODE_AMD_ENTRYPOINT = vs/workbench/api/node/extensionHostProcess
# makefile (from 'Makefile', line 36)
PRINTF_A = ft_printf/libftprintf.a
# environment
HOME = /home/dracken24
# environment
QT_IM_MODULE = ibus
# makefile (from 'Makefile', line 40)
REMOVE = ./ft_printf/*.o ./ft_printf/libft/atoitoa/*.o ./ft_printf/libft/is/*.o ./ft_printf/libft/lst/*.o ./ft_printf/libft/math/*.o ./ft_printf/libft/mem_alloc/*.o ./ft_printf/libft/mem_move/*.o ./ft_printf/libft/str/*.o ./ft_printf/*.a ./ft_printf/libft/*.a ./src/*.o push_swap gcc 
# environment
ELECTRON_RUN_AS_NODE = 1
# environment
VSCODE_IPC_HOOK = /run/user/1000/vscode-fa98f921-1.68.1-main.sock
# environment
SNAP_NAME = code
# environment
GSETTINGS_SCHEMA_DIR = /snap/code/99/usr/share/glib-2.0/schemas
# default
.RECIPEPREFIX := 
# automatic
<F = $(notdir $<)
# environment
SNAP_VERSION = 30d9c6cd
# default
SUFFIXES := 
# environment
VSCODE_CLI = 1
# environment
ELECTRON_NO_ATTACH_CONSOLE = 1
# environment
SNAP_COMMON = /var/snap/code/common
# default
.FEATURES := target-specific order-only second-expansion else-if shortest-stem undefine oneshell nocomment grouped-target extra-prereqs archives jobserver output-sync check-symlink load
# makefile (from 'Makefile', line 31)
CC = gcc
# environment
SNAP_USER_DATA = /home/dracken24/snap/code/99
# environment
XDG_MENU_PREFIX = gnome-
# makefile (from 'Makefile', line 19)
WHITE = $(shell tput -Txterm setaf 7)
# environment
GDMSESSION = ubuntu
# environment
SNAP_LIBRARY_PATH = /var/lib/snapd/lib/gl:/var/lib/snapd/lib/gl32:/var/lib/snapd/void
# variable set hash-table stats:
# Load=151/1024=15%, Rehash=0, Collisions=13/204=6%

# Pattern-specific Variable Values

# No pattern-specific variable values.

# Directories

# src (device 66308, inode 2386673): 12 files, no impossibilities so far.
# . (device 66308, inode 2363792): 18 files, no impossibilities.

# 30 files, no impossibilities in 2 directories.

# Implicit Rules

objs/%.o: src/%.c
#  recipe to execute (from 'Makefile', line 55):
	@mkdir -p $(PATH_OBJS)
	$(CC) $(CFLAGS) -c $< -o $@

# 1 implicit rules, 0 (0.0%) terminal.
# Files

# Not a target:
src/big_run.c:
#  Implicit rule search has been done.
#  Last modified 2022-06-18 22:00:29.48032496
#  File has been updated.
#  Successfully updated.

# Not a target:
src/moves_2.c:
#  Implicit rule search has been done.
#  Last modified 2022-06-18 23:15:04.531516809
#  File has been updated.
#  Successfully updated.

# Not a target:
src/moves_1.c:
#  Implicit rule search has been done.
#  Last modified 2022-06-18 23:14:58.559583473
#  File has been updated.
#  Successfully updated.

# Not a target:
Makefile:
#  Implicit rule search has been done.
#  Last modified 2022-06-18 22:23:31.753388747
#  File has been updated.
#  Successfully updated.

# Not a target:
src/push_swap.c:
#  Implicit rule search has been done.
#  Last modified 2022-06-18 23:34:03.799278978
#  File has been updated.
#  Successfully updated.

objs/check_entry.o: src/check_entry.c
#  Implicit rule search has been done.
#  Implicit/static pattern stem: 'check_entry'
#  Last modified 2022-06-18 23:31:41.904688174
#  File has been updated.
#  Successfully updated.
#  recipe to execute (from 'Makefile', line 55):
	@mkdir -p $(PATH_OBJS)
	$(CC) $(CFLAGS) -c $< -o $@

clean:
#  Phony target (prerequisite of .PHONY).
#  Implicit rule search has not been done.
#  File does not exist.
#  File has not been updated.
 
#  recipe to execute (from 'Makefile', line 67):
	@rm -f $(OBJ) $(REMOVE)
	@rm -fr ./objs
	@echo $(LIGHT_GREEN)"BYE BYE"$(RESET)

objs/run02.o: src/run02.c
#  Implicit rule search has been done.
#  Implicit/static pattern stem: 'run02'
#  Last modified 2022-06-18 23:31:42.024686997
#  File has been updated.
#  Successfully updated.
#  recipe to execute (from 'Makefile', line 55):
	@mkdir -p $(PATH_OBJS)
	$(CC) $(CFLAGS) -c $< -o $@

objs/push_swap.o: src/push_swap.c
#  Implicit rule search has been done.
#  Implicit/static pattern stem: 'push_swap'
#  Last modified 2022-06-18 23:34:07.963237149
#  File has been updated.
#  Successfully updated.
#  recipe to execute (from 'Makefile', line 55):
	@mkdir -p $(PATH_OBJS)
	$(CC) $(CFLAGS) -c $< -o $@

# Not a target:
src/check_entry.c:
#  Implicit rule search has been done.
#  Last modified 2022-06-18 18:51:31.962930015
#  File has been updated.
#  Successfully updated.

re: fclean all
#  Phony target (prerequisite of .PHONY).
#  Implicit rule search has not been done.
#  File does not exist.
#  File has not been updated.

push:
#  Phony target (prerequisite of .PHONY).
#  Implicit rule search has not been done.
#  File does not exist.
#  File has not been updated.
#  recipe to execute (from 'Makefile', line 62):
	@(git add .)
	@(git commit -m "nadesjar42")
	@(git push)

objs/med_run_1.o: src/med_run_1.c
#  Implicit rule search has been done.
#  Implicit/static pattern stem: 'med_run_1'
#  Last modified 2022-06-18 23:31:42.044686801
#  File has been updated.
#  Successfully updated.
#  recipe to execute (from 'Makefile', line 55):
	@mkdir -p $(PATH_OBJS)
	$(CC) $(CFLAGS) -c $< -o $@

# Not a target:
.DEFAULT:
#  Implicit rule search has not been done.
#  Modification time never checked.
#  File has not been updated.

# Not a target:
src/run02.c:
#  Implicit rule search has been done.
#  Last modified 2022-06-18 23:30:07.605604282
#  File has been updated.
#  Successfully updated.

all: make_lib push_swap.a
#  Phony target (prerequisite of .PHONY).
#  Command line target.
#  Implicit rule search has not been done.
#  File does not exist.
#  File has been updated.
#  Successfully updated.
# variable set hash-table stats:
# Load=0/32=0%, Rehash=0, Collisions=0/5=0%

fclean: clean
#  Phony target (prerequisite of .PHONY).
#  Implicit rule search has not been done.
#  File does not exist.
#  File has not been updated.
#  recipe to execute (from 'Makefile', line 72):
	@rm -f $(NAME) $(LIBFT_A)
	

objs/big_run.o: src/big_run.c
#  Implicit rule search has been done.
#  Implicit/static pattern stem: 'big_run'
#  Last modified 2022-06-18 23:31:42.004687194
#  File has been updated.
#  Successfully updated.
#  recipe to execute (from 'Makefile', line 55):
	@mkdir -p $(PATH_OBJS)
	$(CC) $(CFLAGS) -c $< -o $@

# Not a target:
src/using_malloc.c:
#  Implicit rule search has been done.
#  Last modified 2022-06-18 23:21:07.743486814
#  File has been updated.
#  Successfully updated.

# Not a target:
src/med_run_1.c:
#  Implicit rule search has been done.
#  Last modified 2022-06-18 22:20:45.09108411
#  File has been updated.
#  Successfully updated.

objs/moves_2.o: src/moves_2.c
#  Implicit rule search has been done.
#  Implicit/static pattern stem: 'moves_2'
#  Last modified 2022-06-18 23:31:41.964687586
#  File has been updated.
#  Successfully updated.
#  recipe to execute (from 'Makefile', line 55):
	@mkdir -p $(PATH_OBJS)
	$(CC) $(CFLAGS) -c $< -o $@

# Not a target:
 
src/utils.c:
#  Implicit rule search has been done.
#  Last modified 2022-06-18 21:45:25.739588901
#  File has been updated.
#  Successfully updated.

make_lib:
#  Phony target (prerequisite of .PHONY).
#  Implicit rule search has not been done.
#  Implicit/static pattern stem: ''
#  File does not exist.
#  File has been updated.
#  Successfully updated.
# automatic
# @ := make_lib
# automatic
# * := 
# automatic
# < := 
# automatic
# + := 
# automatic
# % := 
# automatic
# ^ := 
# automatic
# ? := 
# automatic
# | := 
# variable set hash-table stats:
# Load=8/32=25%, Rehash=0, Collisions=2/13=15%
#  recipe to execute (from 'Makefile', line 59):
	$(MAKE) -C ./ft_printf

push_swap.a: objs/push_swap.o objs/check_entry.o objs/using_malloc.o objs/moves_1.o objs/moves_2.o objs/utils.o objs/big_run.o objs/run02.o objs/med_run_1.o
#  Implicit rule search has not been done.
#  Last modified 2022-06-18 23:34:07.967237108
#  File has been updated.
#  Successfully updated.
#  recipe to execute (from 'Makefile', line 49):
	@echo $(LILAS)"COMPILE MOI CE PUSH_SWAP LA..."$(RESET)
	cp $(PRINTF_A) $(NAME)
	gcc $(CFLAGS) $(OBJS) $(PRINTF_A) -Og -o push_swap
	@echo $(LILAS)"ENFIN, LA LUMIERE AU BOUT DU TUNEL !!!"$(RESET)

# Not a target:
.SUFFIXES:
#  Implicit rule search has not been done.
#  Modification time never checked.
#  File has not been updated.

.PHONY: all make_lib push clean fclean re
#  Implicit rule search has not been done.
#  Modification time never checked.
#  File has not been updated.

objs/using_malloc.o: src/using_malloc.c
#  Implicit rule search has been done.
#  Implicit/static pattern stem: 'using_malloc'
#  Last modified 2022-06-18 23:31:41.928687939
#  File has been updated.
#  Successfully updated.
#  recipe to execute (from 'Makefile', line 55):
	@mkdir -p $(PATH_OBJS)
	$(CC) $(CFLAGS) -c $< -o $@

objs/moves_1.o: src/moves_1.c
#  Implicit rule search has been done.
#  Implicit/static pattern stem: 'moves_1'
#  Last modified 2022-06-18 23:31:41.944687782
#  File has been updated.
#  Successfully updated.
#  recipe to execute (from 'Makefile', line 55):
	@mkdir -p $(PATH_OBJS)
	$(CC) $(CFLAGS) -c $< -o $@

objs/utils.o: src/utils.c
#  Implicit rule search has been done.
#  Implicit/static pattern stem: 'utils'
#  Last modified 2022-06-18 23:31:41.98468739
#  File has been updated.
#  Successfully updated.
#  recipe to execute (from 'Makefile', line 55):
	@mkdir -p $(PATH_OBJS)
	$(CC) $(CFLAGS) -c $< -o $@

# files hash-table stats:
# Load=29/1024=3%, Rehash=0, Collisions=0/90=0%
# VPATH Search Paths

# No 'vpath' search paths.

# No general ('VPATH' variable) search path.

# strcache buffers: 1 (0) / strings = 67 / storage = 724 B / avg = 10 B
# current buf: size = 8162 B / used = 724 B / count = 67 / avg = 10 B

# strcache performance: lookups = 106 / hit rate = 36%
# hash-table stats:
# Load=67/8192=1%, Rehash=0, Collisions=0/106=0%
# Finished Make data base on Sun Jun 19 11:30:06 2022

 
